Using master branch for submission. (sha: 050b237291ad4dca802c57dd5ad0cd2e003deb40)
--------
Checking for expected files
Found expected file done/tests.h on master
Found expected file done/Makefile.log-packets on master
Found expected file done/node.c on master
Found expected file done/system.h on master
Found expected file done/config.h on master
Found expected file done/network.h on master
Found expected file done/network.c on master
Found expected file done/hashtable.c on master
Found expected file done/Makefile on master
Found expected file done/client.h on master
Found expected file done/pps-client-put.c on master
Found expected file done/util.c on master
Found expected file done/log-packets.c on master
Found expected file done/util.h on master
Found expected file done/node_list.h on master
Found expected file done/pps-dump-node.c on master
Found expected file done/ring.h on master
Found expected file done/pps-launch-server.c on master
Found expected file done/test-hashtable.c on master
Found expected file done/pps-list-nodes.c on master
Found expected file done/hashtable.h on master
Found expected file done/pps-client-get.c on master
Found expected file done/client.c on master
Found expected file done/node.h on master
Found expected file done/args.h on master
Found expected file done/node_list.c on master
Found expected file done/error.c on master
Found expected file done/system.c on master
Found expected file done/error.h on master
--------
Force copying (overwriting) provided file: tests.h
Force copying (overwriting) provided file: system.h
Force copying (overwriting) provided file: config.h
Force copying (overwriting) provided file: network.h
Force copying (overwriting) provided file: util.c
Force copying (overwriting) provided file: log-packets.c
Force copying (overwriting) provided file: util.h
Force copying (overwriting) provided file: ring.h
Force copying (overwriting) provided file: system.c
Got error code 2 when running trying to build target 'test-hashtable' with command 'make test-hashtable'
stdout: cc -g     test-hashtable.c  -lcheck -lm -lrt -pthread -lsubunit -o test-hashtable
<builtin>: recipe for target 'test-hashtable' failed

---
stderr: In file included from test-hashtable.c:23:0:
hashtable.h:84:1: error: unknown type name 'error_code'
 error_code add_Htable_value(Htable_t table, pps_key_t key, pps_value_t value);
 ^
hashtable.h:119:1: error: unknown type name 'error_code'
 error_code del_Htable_key(Htable_t table, pps_key_t key);
 ^
In file included from test-hashtable.c:20:0:
test-hashtable.c: In function 'add_value_does_retrieve_same_value':
tests.h:19:26: error: 'ERR_NONE' undeclared (first use in this function)
  ck_assert_int_eq(value, ERR_NONE)
                          ^
test-hashtable.c:80:13: note: in expansion of macro 'ck_assert_err_none'
             ck_assert_err_none(add_Htable_value(table, *key, *value));
             ^
tests.h:19:26: note: each undeclared identifier is reported only once for each function it appears in
  ck_assert_int_eq(value, ERR_NONE)
                          ^
test-hashtable.c:80:13: note: in expansion of macro 'ck_assert_err_none'
             ck_assert_err_none(add_Htable_value(table, *key, *value));
             ^
test-hashtable.c: In function 'add_value_twice_erase_older':
tests.h:19:26: error: 'ERR_NONE' undeclared (first use in this function)
  ck_assert_int_eq(value, ERR_NONE)
                          ^
test-hashtable.c:97:9: note: in expansion of macro 'ck_assert_err_none'
         ck_assert_err_none(add_Htable_value(table, *key, other_value(my_value)));
         ^
test-hashtable.c: In function 'construct_and_delete':
test-hashtable.c:131:9: error: incompatible types when initializing type 'const void *' using type 'Htable_t {aka struct <anonymous>}'
         ck_assert_ptr_nonnull(table);
         ^
test-hashtable.c: In function 'bad_construct':
test-hashtable.c:142:5: error: conversion to non-scalar type requested
     Htable_t ret = NO_HTABLE;
     ^
test-hashtable.c:143:5: error: incompatible types when initializing type 'const void *' using type 'Htable_t {aka struct <anonymous>}'
     ck_assert_ptr_null(ret = construct_Htable(0));
     ^
test-hashtable.c:144:13: error: invalid operands to binary != (have 'Htable_t {aka struct <anonymous>}' and 'void *')
     if (ret != NULL) free(ret);
             ^
test-hashtable.c:144:27: error: incompatible type for argument 1 of 'free'
     if (ret != NULL) free(ret);
                           ^
In file included from test-hashtable.c:17:0:
/usr/include/stdlib.h:483:13: note: expected 'void *' but argument is of type 'Htable_t {aka struct <anonymous>}'
 extern void free (void *__ptr) __THROW;
             ^
In file included from test-hashtable.c:20:0:
test-hashtable.c:148:58: error: invalid type argument of unary '*' (have 'Htable_t {aka struct <anonymous>}')
                                  1 + ((SIZE_MAX - sizeof(*ret)) / sizeof(*ret->map))
                                                          ^
test-hashtable.c:147:5: note: in expansion of macro 'ck_assert_ptr_null'
     ck_assert_ptr_null(ret = construct_Htable(
     ^
test-hashtable.c:148:78: error: invalid type argument of '->' (have 'Htable_t {aka struct <anonymous>}')
                                  1 + ((SIZE_MAX - sizeof(*ret)) / sizeof(*ret->map))
                                                                              ^
test-hashtable.c:147:5: note: in expansion of macro 'ck_assert_ptr_null'
     ck_assert_ptr_null(ret = construct_Htable(
     ^
test-hashtable.c:150:13: error: invalid operands to binary != (have 'Htable_t {aka struct <anonymous>}' and 'void *')
     if (ret != NULL) free(ret);
             ^
test-hashtable.c:150:27: error: incompatible type for argument 1 of 'free'
     if (ret != NULL) free(ret);
                           ^
In file included from test-hashtable.c:17:0:
/usr/include/stdlib.h:483:13: note: expected 'void *' but argument is of type 'Htable_t {aka struct <anonymous>}'
 extern void free (void *__ptr) __THROW;
             ^
test-hashtable.c: In function 'add_with_NULL_table_return_ERR_BAD_PARAMETER':
test-hashtable.c:177:1: error: incompatible type for argument 1 of 'add_Htable_value'
 hashtable_with_NULL_return(add, int, ERR_BAD_PARAMETER, table, NULL, key, value)
 ^
In file included from test-hashtable.c:23:0:
hashtable.h:84:12: note: expected 'Htable_t {aka struct <anonymous>}' but argument is of type 'void *'
 error_code add_Htable_value(Htable_t table, pps_key_t key, pps_value_t value);
            ^
In file included from test-hashtable.c:20:0:
test-hashtable.c:177:38: error: 'ERR_BAD_PARAMETER' undeclared (first use in this function)
 hashtable_with_NULL_return(add, int, ERR_BAD_PARAMETER, table, NULL, key, value)
                                      ^
test-hashtable.c:177:1: note: in expansion of macro 'hashtable_with_NULL_return'
 hashtable_with_NULL_return(add, int, ERR_BAD_PARAMETER, table, NULL, key, value)
 ^
test-hashtable.c: In function 'add_with_NULL_key_return_ERR_BAD_PARAMETER':
test-hashtable.c:178:38: error: 'ERR_BAD_PARAMETER' undeclared (first use in this function)
 hashtable_with_NULL_return(add, int, ERR_BAD_PARAMETER, key, table, NULL, value)
                                      ^
test-hashtable.c:178:1: note: in expansion of macro 'hashtable_with_NULL_return'
 hashtable_with_NULL_return(add, int, ERR_BAD_PARAMETER, key, table, NULL, value)
 ^
test-hashtable.c: In function 'add_with_NULL_value_return_ERR_BAD_PARAMETER':
test-hashtable.c:179:38: error: 'ERR_BAD_PARAMETER' undeclared (first use in this function)
 hashtable_with_NULL_return(add, int, ERR_BAD_PARAMETER, value, table, key, NULL )
                                      ^
test-hashtable.c:179:1: note: in expansion of macro 'hashtable_with_NULL_return'
 hashtable_with_NULL_return(add, int, ERR_BAD_PARAMETER, value, table, key, NULL )
 ^
test-hashtable.c: In function 'get_with_NULL_table_return_NULL':
test-hashtable.c:180:1: error: incompatible type for argument 1 of 'get_Htable_value'
 hashtable_with_NULL_return(get, pps_value_t, NULL, table, NULL, key)
 ^
In file included from test-hashtable.c:23:0:
hashtable.h:92:13: note: expected 'Htable_t {aka struct <anonymous>}' but argument is of type 'void *'
 pps_value_t get_Htable_value(Htable_t table, pps_key_t key);
             ^
In file included from test-hashtable.c:20:0:
test-hashtable.c: In function 'add_value_copy_value':
tests.h:19:26: error: 'ERR_NONE' undeclared (first use in this function)
  ck_assert_int_eq(value, ERR_NONE)
                          ^
test-hashtable.c:196:13: note: in expansion of macro 'ck_assert_err_none'
             ck_assert_err_none(add_Htable_value(table, *key, value));
             ^
test-hashtable.c: In function 'add_value_copy_key':
tests.h:19:26: error: 'ERR_NONE' undeclared (first use in this function)
  ck_assert_int_eq(value, ERR_NONE)
                          ^
test-hashtable.c:222:13: note: in expansion of macro 'ck_assert_err_none'
             ck_assert_err_none(add_Htable_value(table, key, *value));
             ^
make: *** [test-hashtable] Error 1

Got error code 2 when running trying to build target 'test-hashtable' with command 'make'
stdout: 
---
stderr: make: *** No rule to make target 'error.c', needed by 'error.o'.  Stop.

Got error code 2 when running trying to build target 'test-hashtable' with command '[staff makefile]'
Got error code 2 when running trying to build target 'test-hashtable' with command '[staff makefile]'
Unable to build target 'test-hashtable'
Got error code 2 when running trying to build target 'pps-client-get' with command 'make pps-client-get'
stdout: 
---
stderr: make: *** No rule to make target 'error.c', needed by 'error.o'.  Stop.

Got error code 2 when running trying to build target 'pps-client-get' with command 'make'
stdout: 
---
stderr: make: *** No rule to make target 'error.c', needed by 'error.o'.  Stop.

Got error code 2 when running trying to build target 'pps-client-get' with command '[staff makefile]'
Got error code 2 when running trying to build target 'pps-client-get' with command '[staff makefile]'
Unable to build target 'pps-client-get'
Got error code 2 when running trying to build target 'pps-client-put' with command 'make pps-client-put'
stdout: 
---
stderr: make: *** No rule to make target 'error.c', needed by 'error.o'.  Stop.

Got error code 2 when running trying to build target 'pps-client-put' with command 'make'
stdout: 
---
stderr: make: *** No rule to make target 'error.c', needed by 'error.o'.  Stop.

Got error code 2 when running trying to build target 'pps-client-put' with command '[staff makefile]'
Got error code 2 when running trying to build target 'pps-client-put' with command '[staff makefile]'
Unable to build target 'pps-client-put'
Got error code 2 when running trying to build target 'pps-launch-server' with command 'make pps-launch-server'
stdout: 
---
stderr: make: *** No rule to make target 'error.c', needed by 'error.o'.  Stop.

Got error code 2 when running trying to build target 'pps-launch-server' with command 'make'
stdout: 
---
stderr: make: *** No rule to make target 'error.c', needed by 'error.o'.  Stop.

Got error code 2 when running trying to build target 'pps-launch-server' with command '[staff makefile]'
Got error code 2 when running trying to build target 'pps-launch-server' with command '[staff makefile]'
Unable to build target 'pps-launch-server'
Got error code 2 when running trying to build target 'pps-list-nodes' with command 'make pps-list-nodes'
stdout: 
---
stderr: make: *** No rule to make target 'error.c', needed by 'error.o'.  Stop.

Got error code 2 when running trying to build target 'pps-list-nodes' with command 'make'
stdout: 
---
stderr: make: *** No rule to make target 'error.c', needed by 'error.o'.  Stop.

Got error code 2 when running trying to build target 'pps-list-nodes' with command '[staff makefile]'
Got error code 2 when running trying to build target 'pps-list-nodes' with command '[staff makefile]'
Unable to build target 'pps-list-nodes'
Got error code 2 when running trying to build target 'pps-dump-node' with command 'make pps-dump-node'
stdout: 
---
stderr: make: *** No rule to make target 'error.c', needed by 'error.o'.  Stop.

Got error code 2 when running trying to build target 'pps-dump-node' with command 'make'
stdout: 
---
stderr: make: *** No rule to make target 'error.c', needed by 'error.o'.  Stop.

Got error code 2 when running trying to build target 'pps-dump-node' with command '[staff makefile]'
Got error code 2 when running trying to build target 'pps-dump-node' with command '[staff makefile]'
Unable to build target 'pps-dump-node'
Unable to run test-hashtable. Executable couldn't build

-------------------------
Running test scripts


Unable to run test '05.basic.sh' because the following executables weren't found: pps-dump-node, pps-client-get, pps-client-put, pps-list-nodes, pps-launch-server
-----------
Unable to run test '06.basic.sh' because the following executables weren't found: pps-dump-node, pps-client-get, pps-client-put, pps-list-nodes, pps-launch-server
-----------
Unable to run test '07.basic.sh' because the following executables weren't found: pps-dump-node, pps-client-get, pps-client-put, pps-list-nodes, pps-launch-server
-----------
Unable to run test '08.basic.sh' because the following executables weren't found: pps-dump-node, pps-client-get, pps-client-put, pps-list-nodes, pps-launch-server

